2025/10/25 15:30:03 [error] 9004#16344: *1 connect() failed (10061: No connection could be made because the target machine actively refused it) while connecting to upstream, client: 127.0.0.1, server: localhost, request: "GET /auth/login HTTP/1.1", upstream: "http://127.0.0.1:5000/login", host: "localhost:8080"
2025/10/25 15:32:29 [notice] 7224#21008: signal process started
2025/10/25 15:35:42 [emerg] 7616#16628: no "events" section in configuration
2025/10/25 15:42:29 [emerg] 14644#1140: no "events" section in configuration
2025/10/25 15:42:59 [emerg] 4488#17240: no "events" section in configuration
2025/10/25 15:47:33 [emerg] 1068#20780: no "events" section in configuration
2025/10/27 10:05:23 [emerg] 13412#20684: "server" directive is not allowed here in F:\nginx-1.28.0/conf/nginx.conf:1
2025/10/27 10:05:53 [emerg] 2492#5088: "server" directive is not allowed here in F:\nginx-1.28.0/conf/nginx.conf:1
2025/10/28 16:33:57 [notice] 23588#10596: signal process started
2025/10/28 16:37:41 [notice] 6848#7652: signal process started
2025/10/28 16:47:52 [notice] 7172#1744: signal process started
2025/10/28 16:51:59 [notice] 11448#1052: signal process started
2025/10/28 16:53:43 [notice] 11124#12788: signal process started
2025/10/28 17:49:34 [notice] 12616#18724: signal process started
2025/10/28 20:10:45 [notice] 24312#24324: signal process started
2025/10/28 20:18:22 [notice] 25256#16856: signal process started
2025/10/28 20:19:02 [notice] 22932#24148: signal process started
2025/10/28 20:19:02 [error] 22932#24148: CreateFile() "F:\SOA_DemoFlask\nginx-1.28.0/logs/nginx.pid" failed (2: The system cannot find the file specified)
2025/10/28 20:52:59 [emerg] 23156#19660: unknown directive "auth_request_method" in F:\SOA_DemoFlask\nginx-1.28.0/conf/nginx.conf:80
2025/10/28 20:54:03 [emerg] 22012#23788: unknown directive "auth_request_method" in F:\SOA_DemoFlask\nginx-1.28.0/conf/nginx.conf:80
2025/10/28 20:54:25 [emerg] 9068#4976: unknown directive "auth_request_method" in F:\SOA_DemoFlask\nginx-1.28.0/conf/nginx.conf:80
2025/10/28 20:59:19 [notice] 18856#25472: signal process started
2025/10/28 21:21:54 [notice] 272#25312: signal process started
2025/10/28 21:22:52 [notice] 12460#11988: signal process started
2025/10/28 21:37:55 [notice] 25088#15308: signal process started
2025/10/28 22:08:50 [notice] 9688#11828: signal process started
2025/10/28 22:09:02 [notice] 3136#22572: signal process started
2025/10/28 22:09:10 [notice] 9060#19220: signal process started
2025/10/28 22:25:07 [notice] 24840#23008: signal process started
2025/10/28 22:37:43 [notice] 5556#25428: signal process started
2025/10/28 22:41:35 [notice] 24372#16108: signal process started
2025/10/28 22:44:51 [notice] 10364#11660: signal process started
2025/10/28 22:49:17 [notice] 340#23612: signal process started
2025/10/28 22:50:46 [notice] 21360#21636: signal process started
2025/10/28 22:56:42 [notice] 21216#19348: signal process started
2025/10/28 22:58:01 [notice] 3300#21340: signal process started
2025/10/28 23:00:02 [notice] 14904#14824: signal process started
2025/10/28 23:24:13 [notice] 18640#15512: signal process started
2025/10/28 23:28:04 [notice] 14660#868: signal process started
2025/10/28 23:31:45 [notice] 21408#8956: signal process started
2025/10/28 23:32:19 [notice] 14540#20988: signal process started
2025/10/28 23:32:36 [notice] 3400#2176: signal process started
2025/10/28 23:33:38 [notice] 23676#14568: signal process started
2025/10/28 23:43:39 [notice] 352#16708: signal process started
2025/10/28 23:49:29 [notice] 25044#11240: signal process started
2025/10/29 00:17:49 [notice] 21056#9616: signal process started
